running develop
running egg_info
creating cobot1.egg-info
writing cobot1.egg-info/PKG-INFO
writing dependency_links to cobot1.egg-info/dependency_links.txt
writing entry points to cobot1.egg-info/entry_points.txt
writing requirements to cobot1.egg-info/requires.txt
writing top-level names to cobot1.egg-info/top_level.txt
writing manifest file 'cobot1.egg-info/SOURCES.txt'
reading manifest file 'cobot1.egg-info/SOURCES.txt'
writing manifest file 'cobot1.egg-info/SOURCES.txt'
running build_ext
Creating /home/rokey/ROKEY7_FIRST_PROJECT/install/cobot1/lib/python3.10/site-packages/cobot1.egg-link (link to .)
Installing dough_grip_test script to /home/rokey/ROKEY7_FIRST_PROJECT/install/cobot1/lib/cobot1
Installing force_test script to /home/rokey/ROKEY7_FIRST_PROJECT/install/cobot1/lib/cobot1
Installing main = cobot1.main:maindougn_to_plate script to /home/rokey/ROKEY7_FIRST_PROJECT/install/cobot1/lib/cobot1
Installing mini_jog script to /home/rokey/ROKEY7_FIRST_PROJECT/install/cobot1/lib/cobot1
Installing move_basic script to /home/rokey/ROKEY7_FIRST_PROJECT/install/cobot1/lib/cobot1
Installing move_periodic script to /home/rokey/ROKEY7_FIRST_PROJECT/install/cobot1/lib/cobot1
Installing plate_setting_test script to /home/rokey/ROKEY7_FIRST_PROJECT/install/cobot1/lib/cobot1
Installing press_test script to /home/rokey/ROKEY7_FIRST_PROJECT/install/cobot1/lib/cobot1
Installing spatula_test script to /home/rokey/ROKEY7_FIRST_PROJECT/install/cobot1/lib/cobot1
Installing surveon script to /home/rokey/ROKEY7_FIRST_PROJECT/install/cobot1/lib/cobot1

Installed /home/rokey/ROKEY7_FIRST_PROJECT/build/cobot1
running symlink_data
creating /home/rokey/ROKEY7_FIRST_PROJECT/install/cobot1/share/ament_index
creating /home/rokey/ROKEY7_FIRST_PROJECT/install/cobot1/share/ament_index/resource_index
creating /home/rokey/ROKEY7_FIRST_PROJECT/install/cobot1/share/ament_index/resource_index/packages
symbolically linking /home/rokey/ROKEY7_FIRST_PROJECT/build/cobot1/resource/cobot1 -> /home/rokey/ROKEY7_FIRST_PROJECT/install/cobot1/share/ament_index/resource_index/packages
symbolically linking /home/rokey/ROKEY7_FIRST_PROJECT/build/cobot1/package.xml -> /home/rokey/ROKEY7_FIRST_PROJECT/install/cobot1/share/cobot1
